{"level":"info","message":"Winston logger configured soccessfully","timestamp":"2025-06-30T16:14:17.205Z"}
{"level":"info","message":"Server running on port 4000","timestamp":"2025-06-30T16:14:17.394Z"}
{"level":"info","message":"Database Connected ...","timestamp":"2025-06-30T16:14:17.465Z"}
{"level":"info","message":"Winston logger configured soccessfully","timestamp":"2025-07-07T17:01:25.156Z"}
{"level":"info","message":"Server running on port 4000","timestamp":"2025-07-07T17:01:25.327Z"}
{"level":"info","message":"Database Connected ...","timestamp":"2025-07-07T17:01:25.397Z"}
{"error":{"isOperational":true,"status":"fail","statusCode":404},"level":"error","message":"صفحه مورد وجود ندارد یا حذف شده است","request":{"ip":"::1","method":"GET","url":"/admin/analytics"},"timestamp":"2025-07-07T17:01:28.919Z"}
{"level":"info","message":"Winston logger configured soccessfully","timestamp":"2025-07-07T17:02:04.686Z"}
{"level":"info","message":"Server running on port 4000","timestamp":"2025-07-07T17:02:04.835Z"}
{"level":"info","message":"Database Connected ...","timestamp":"2025-07-07T17:02:05.109Z"}
{"level":"info","message":"Winston logger configured soccessfully","timestamp":"2025-07-07T17:02:49.208Z"}
{"level":"info","message":"Server running on port 4000","timestamp":"2025-07-07T17:02:49.371Z"}
{"level":"info","message":"Database Connected ...","timestamp":"2025-07-07T17:02:49.450Z"}
{"level":"info","message":"Winston logger configured soccessfully","timestamp":"2025-07-07T17:03:04.341Z"}
{"level":"info","message":"Server running on port 4000","timestamp":"2025-07-07T17:03:30.147Z"}
{"level":"info","message":"Database Connected ...","timestamp":"2025-07-07T17:03:30.208Z"}
{"error":{"isOperational":true,"status":"fail","statusCode":400},"level":"error","message":"لطفا از کلمات کلیدی برای جستجو استفاده کنید","request":{"ip":"::1","method":"GET","url":"/api/v1/search"},"timestamp":"2025-07-07T17:04:51.299Z"}
{"level":"info","message":"Winston logger configured soccessfully","timestamp":"2025-07-07T17:06:37.395Z"}
{"level":"info","message":"Server running on port 4000","timestamp":"2025-07-07T17:06:37.576Z"}
{"level":"info","message":"Database Connected ...","timestamp":"2025-07-07T17:06:37.664Z"}
{"error":{"isOperational":true,"status":"fail","statusCode":404},"level":"error","message":"صفحه مورد وجود ندارد یا حذف شده است","request":{"ip":"::1","method":"GET","url":"/favicon.ico"},"timestamp":"2025-07-07T17:07:35.341Z"}
{"level":"info","message":"Winston logger configured soccessfully","timestamp":"2025-07-07T17:09:06.191Z"}
{"level":"info","message":"Server running on port 4000","timestamp":"2025-07-07T17:09:06.327Z"}
{"level":"info","message":"Database Connected ...","timestamp":"2025-07-07T17:09:06.389Z"}
{"level":"info","message":"Winston logger configured soccessfully","timestamp":"2025-07-07T17:27:17.874Z"}
{"level":"info","message":"Server running on port 4000","timestamp":"2025-07-07T17:27:18.437Z"}
{"level":"info","message":"Database Connected ...","timestamp":"2025-07-07T17:27:18.570Z"}
{"date":"Mon Jul 07 2025 20:57:29 GMT+0330 (Iran Standard Time)","error":{},"level":"error","message":"unhandledRejection: q.trim is not a function\nTypeError: q.trim is not a function\n    at exports.search (C:\\xampp\\htdocs\\noghte\\controllers\\v1\\search.js:15:18)\n    at Layer.handle [as handle_request] (C:\\xampp\\htdocs\\noghte\\node_modules\\express\\lib\\router\\layer.js:95:5)\n    at next (C:\\xampp\\htdocs\\noghte\\node_modules\\express\\lib\\router\\route.js:149:13)\n    at Route.dispatch (C:\\xampp\\htdocs\\noghte\\node_modules\\express\\lib\\router\\route.js:119:3)\n    at Layer.handle [as handle_request] (C:\\xampp\\htdocs\\noghte\\node_modules\\express\\lib\\router\\layer.js:95:5)\n    at C:\\xampp\\htdocs\\noghte\\node_modules\\express\\lib\\router\\index.js:284:15\n    at Function.process_params (C:\\xampp\\htdocs\\noghte\\node_modules\\express\\lib\\router\\index.js:346:12)\n    at next (C:\\xampp\\htdocs\\noghte\\node_modules\\express\\lib\\router\\index.js:280:10)\n    at Function.handle (C:\\xampp\\htdocs\\noghte\\node_modules\\express\\lib\\router\\index.js:175:3)\n    at router (C:\\xampp\\htdocs\\noghte\\node_modules\\express\\lib\\router\\index.js:47:12)","os":{"loadavg":[0,0,0],"uptime":292708.875},"process":{"argv":["C:\\nvm4w\\nodejs\\node.exe","C:\\xampp\\htdocs\\noghte\\server"],"cwd":"C:\\xampp\\htdocs\\noghte","execPath":"C:\\nvm4w\\nodejs\\node.exe","gid":null,"memoryUsage":{"arrayBuffers":18273293,"external":20687120,"heapTotal":26611712,"heapUsed":23885488,"rss":62570496},"pid":8476,"uid":null,"version":"v22.16.0"},"rejection":true,"stack":"TypeError: q.trim is not a function\n    at exports.search (C:\\xampp\\htdocs\\noghte\\controllers\\v1\\search.js:15:18)\n    at Layer.handle [as handle_request] (C:\\xampp\\htdocs\\noghte\\node_modules\\express\\lib\\router\\layer.js:95:5)\n    at next (C:\\xampp\\htdocs\\noghte\\node_modules\\express\\lib\\router\\route.js:149:13)\n    at Route.dispatch (C:\\xampp\\htdocs\\noghte\\node_modules\\express\\lib\\router\\route.js:119:3)\n    at Layer.handle [as handle_request] (C:\\xampp\\htdocs\\noghte\\node_modules\\express\\lib\\router\\layer.js:95:5)\n    at C:\\xampp\\htdocs\\noghte\\node_modules\\express\\lib\\router\\index.js:284:15\n    at Function.process_params (C:\\xampp\\htdocs\\noghte\\node_modules\\express\\lib\\router\\index.js:346:12)\n    at next (C:\\xampp\\htdocs\\noghte\\node_modules\\express\\lib\\router\\index.js:280:10)\n    at Function.handle (C:\\xampp\\htdocs\\noghte\\node_modules\\express\\lib\\router\\index.js:175:3)\n    at router (C:\\xampp\\htdocs\\noghte\\node_modules\\express\\lib\\router\\index.js:47:12)","timestamp":"2025-07-07T17:27:29.899Z","trace":[{"column":18,"file":"C:\\xampp\\htdocs\\noghte\\controllers\\v1\\search.js","function":"exports.search","line":15,"method":"search","native":false},{"column":5,"file":"C:\\xampp\\htdocs\\noghte\\node_modules\\express\\lib\\router\\layer.js","function":"Layer.handle [as handle_request]","line":95,"method":"handle [as handle_request]","native":false},{"column":13,"file":"C:\\xampp\\htdocs\\noghte\\node_modules\\express\\lib\\router\\route.js","function":"next","line":149,"method":null,"native":false},{"column":3,"file":"C:\\xampp\\htdocs\\noghte\\node_modules\\express\\lib\\router\\route.js","function":"Route.dispatch","line":119,"method":"dispatch","native":false},{"column":5,"file":"C:\\xampp\\htdocs\\noghte\\node_modules\\express\\lib\\router\\layer.js","function":"Layer.handle [as handle_request]","line":95,"method":"handle [as handle_request]","native":false},{"column":15,"file":"C:\\xampp\\htdocs\\noghte\\node_modules\\express\\lib\\router\\index.js","function":null,"line":284,"method":null,"native":false},{"column":12,"file":"C:\\xampp\\htdocs\\noghte\\node_modules\\express\\lib\\router\\index.js","function":"Function.process_params","line":346,"method":"process_params","native":false},{"column":10,"file":"C:\\xampp\\htdocs\\noghte\\node_modules\\express\\lib\\router\\index.js","function":"next","line":280,"method":null,"native":false},{"column":3,"file":"C:\\xampp\\htdocs\\noghte\\node_modules\\express\\lib\\router\\index.js","function":"Function.handle","line":175,"method":"handle","native":false},{"column":12,"file":"C:\\xampp\\htdocs\\noghte\\node_modules\\express\\lib\\router\\index.js","function":"router","line":47,"method":null,"native":false}]}
{"level":"info","message":"Winston logger configured soccessfully","timestamp":"2025-07-07T17:31:27.081Z"}
{"level":"info","message":"Server running on port 4000","timestamp":"2025-07-07T17:31:27.214Z"}
{"level":"info","message":"Database Connected ...","timestamp":"2025-07-07T17:31:27.277Z"}
{"error":{"isOperational":true,"status":"error"},"level":"error","message":"مقاله ای مطابق با جستجو شما پیدا نشد","request":{"ip":"::1","method":"GET","url":"/api/v1/search?q=Internal"},"timestamp":"2025-07-07T17:31:34.236Z"}
{"level":"info","message":"Winston logger configured soccessfully","timestamp":"2025-07-07T17:32:21.600Z"}
{"level":"info","message":"Server running on port 4000","timestamp":"2025-07-07T17:32:21.734Z"}
{"level":"info","message":"Database Connected ...","timestamp":"2025-07-07T17:32:21.799Z"}
{"error":{"isOperational":true,"status":"error"},"level":"error","message":"مقاله ای مطابق با جستجو شما پیدا نشد","request":{"ip":"::1","method":"GET","url":"/api/v1/search?q=Internal"},"timestamp":"2025-07-07T17:33:13.563Z"}
{"level":"info","message":"Winston logger configured soccessfully","timestamp":"2025-07-07T17:34:34.849Z"}
{"level":"info","message":"Server running on port 4000","timestamp":"2025-07-07T17:34:34.996Z"}
{"level":"info","message":"Database Connected ...","timestamp":"2025-07-07T17:34:35.059Z"}
{"error":{"isOperational":true,"status":"error"},"level":"error","message":"مقاله ای مطابق با جستجو شما پیدا نشد","request":{"ip":"::1","method":"GET","url":"/api/v1/search?q=Internal"},"timestamp":"2025-07-07T17:34:42.034Z"}
{"level":"info","message":"Winston logger configured soccessfully","timestamp":"2025-07-07T17:36:46.922Z"}
{"level":"info","message":"Server running on port 4000","timestamp":"2025-07-07T17:36:47.124Z"}
{"level":"info","message":"Database Connected ...","timestamp":"2025-07-07T17:36:47.289Z"}
{"error":{"isOperational":true,"status":"fail","statusCode":404},"level":"error","message":"مقاله ای مطابق با جستجو شما پیدا نشد","request":{"ip":"::1","method":"GET","url":"/api/v1/search?q=Internal"},"timestamp":"2025-07-07T17:36:53.995Z"}
{"level":"info","message":"Winston logger configured soccessfully","timestamp":"2025-07-07T17:37:42.765Z"}
{"level":"info","message":"Server running on port 4000","timestamp":"2025-07-07T17:37:42.894Z"}
{"level":"info","message":"Database Connected ...","timestamp":"2025-07-07T17:37:42.959Z"}
{"error":{"isOperational":true,"status":"fail","statusCode":404},"level":"error","message":"مقاله ای مطابق با جستجو شما پیدا نشد","request":{"ip":"::1","method":"GET","url":"/api/v1/search?q=Internal"},"timestamp":"2025-07-07T17:37:47.810Z"}
{"level":"info","message":"Winston logger configured soccessfully","timestamp":"2025-07-07T17:38:55.867Z"}
{"level":"info","message":"Server running on port 4000","timestamp":"2025-07-07T17:39:02.008Z"}
{"level":"info","message":"Database Connected ...","timestamp":"2025-07-07T17:39:02.112Z"}
{"error":{"isOperational":true,"status":"fail","statusCode":404},"level":"error","message":"مقاله ای مطابق با جستجو شما پیدا نشد","request":{"ip":"::1","method":"GET","url":"/api/v1/search?q=Internal"},"timestamp":"2025-07-07T17:39:07.100Z"}
{"level":"info","message":"Winston logger configured soccessfully","timestamp":"2025-07-07T17:42:54.209Z"}
{"level":"info","message":"Server running on port 4000","timestamp":"2025-07-07T17:42:54.356Z"}
{"level":"info","message":"Database Connected ...","timestamp":"2025-07-07T17:42:54.422Z"}
{"error":{"isOperational":true,"status":"fail","statusCode":404},"level":"error","message":"مقاله ای مطابق با جستجو شما پیدا نشد","request":{"ip":"::1","method":"GET","url":"/api/v1/search?q=Internal"},"timestamp":"2025-07-07T17:42:57.445Z"}
{"level":"info","message":"Winston logger configured soccessfully","timestamp":"2025-07-07T17:44:50.312Z"}
{"level":"info","message":"Server running on port 4000","timestamp":"2025-07-07T17:44:50.550Z"}
{"level":"info","message":"Database Connected ...","timestamp":"2025-07-07T17:44:50.641Z"}
{"error":{"isOperational":true,"status":"fail","statusCode":404},"level":"error","message":"مقاله ای مطابق با جستجو شما پیدا نشد","request":{"ip":"::1","method":"GET","url":"/api/v1/search?q=Internal"},"timestamp":"2025-07-07T17:44:54.030Z"}
{"level":"info","message":"Winston logger configured soccessfully","timestamp":"2025-07-07T17:46:41.412Z"}
{"level":"info","message":"Server running on port 4000","timestamp":"2025-07-07T17:46:41.913Z"}
{"level":"info","message":"Database Connected ...","timestamp":"2025-07-07T17:46:42.057Z"}
{"error":{"isOperational":true,"status":"fail","statusCode":404},"level":"error","message":"مقاله ای مطابق با جستجو شما پیدا نشد","request":{"ip":"::1","method":"GET","url":"/api/v1/search?q=Internal"},"timestamp":"2025-07-07T17:47:08.131Z"}
{"level":"info","message":"Winston logger configured soccessfully","timestamp":"2025-07-07T17:48:00.755Z"}
{"level":"info","message":"Server running on port 4000","timestamp":"2025-07-07T17:48:00.974Z"}
{"level":"info","message":"Database Connected ...","timestamp":"2025-07-07T17:48:01.050Z"}
{"date":"Mon Jul 07 2025 21:18:05 GMT+0330 (Iran Standard Time)","error":{},"level":"error","message":"unhandledRejection: Cannot read properties of null (reading 'map')\nTypeError: Cannot read properties of null (reading 'map')\n    at exports.search (C:\\xampp\\htdocs\\noghte\\controllers\\v1\\search.js:23:42)\n    at process.processTicksAndRejections (node:internal/process/task_queues:105:5)","os":{"loadavg":[0,0,0],"uptime":293944.546},"process":{"argv":["C:\\nvm4w\\nodejs\\node.exe","C:\\xampp\\htdocs\\noghte\\server"],"cwd":"C:\\xampp\\htdocs\\noghte","execPath":"C:\\nvm4w\\nodejs\\node.exe","gid":null,"memoryUsage":{"arrayBuffers":18275847,"external":20689674,"heapTotal":41033728,"heapUsed":29530848,"rss":77717504},"pid":9284,"uid":null,"version":"v22.16.0"},"rejection":true,"stack":"TypeError: Cannot read properties of null (reading 'map')\n    at exports.search (C:\\xampp\\htdocs\\noghte\\controllers\\v1\\search.js:23:42)\n    at process.processTicksAndRejections (node:internal/process/task_queues:105:5)","timestamp":"2025-07-07T17:48:05.571Z","trace":[{"column":42,"file":"C:\\xampp\\htdocs\\noghte\\controllers\\v1\\search.js","function":"exports.search","line":23,"method":"search","native":false},{"column":5,"file":"node:internal/process/task_queues","function":"process.processTicksAndRejections","line":105,"method":"processTicksAndRejections","native":false}]}
{"level":"info","message":"Winston logger configured soccessfully","timestamp":"2025-07-07T17:48:39.248Z"}
{"level":"info","message":"Server running on port 4000","timestamp":"2025-07-07T17:48:39.561Z"}
{"level":"info","message":"Database Connected ...","timestamp":"2025-07-07T17:48:39.709Z"}
{"date":"Mon Jul 07 2025 21:18:52 GMT+0330 (Iran Standard Time)","error":{},"level":"error","message":"unhandledRejection: Cannot read properties of null (reading 'map')\nTypeError: Cannot read properties of null (reading 'map')\n    at exports.search (C:\\xampp\\htdocs\\noghte\\controllers\\v1\\search.js:23:42)\n    at process.processTicksAndRejections (node:internal/process/task_queues:105:5)","os":{"loadavg":[0,0,0],"uptime":293991.265},"process":{"argv":["C:\\nvm4w\\nodejs\\node.exe","C:\\xampp\\htdocs\\noghte\\server"],"cwd":"C:\\xampp\\htdocs\\noghte","execPath":"C:\\nvm4w\\nodejs\\node.exe","gid":null,"memoryUsage":{"arrayBuffers":18276128,"external":20689955,"heapTotal":41033728,"heapUsed":29420664,"rss":77565952},"pid":3504,"uid":null,"version":"v22.16.0"},"rejection":true,"stack":"TypeError: Cannot read properties of null (reading 'map')\n    at exports.search (C:\\xampp\\htdocs\\noghte\\controllers\\v1\\search.js:23:42)\n    at process.processTicksAndRejections (node:internal/process/task_queues:105:5)","timestamp":"2025-07-07T17:48:52.327Z","trace":[{"column":42,"file":"C:\\xampp\\htdocs\\noghte\\controllers\\v1\\search.js","function":"exports.search","line":23,"method":"search","native":false},{"column":5,"file":"node:internal/process/task_queues","function":"process.processTicksAndRejections","line":105,"method":"processTicksAndRejections","native":false}]}
{"level":"info","message":"Winston logger configured soccessfully","timestamp":"2025-07-07T17:49:50.621Z"}
{"level":"info","message":"Server running on port 4000","timestamp":"2025-07-07T17:49:51.649Z"}
{"level":"info","message":"Database Connected ...","timestamp":"2025-07-07T17:49:51.780Z"}
{"date":"Mon Jul 07 2025 21:19:55 GMT+0330 (Iran Standard Time)","error":{},"level":"error","message":"unhandledRejection: categoryIds is not defined\nReferenceError: categoryIds is not defined\n    at exports.search (C:\\xampp\\htdocs\\noghte\\controllers\\v1\\search.js:36:18)\n    at process.processTicksAndRejections (node:internal/process/task_queues:105:5)","os":{"loadavg":[0,0,0],"uptime":294054.703},"process":{"argv":["C:\\nvm4w\\nodejs\\node.exe","C:\\xampp\\htdocs\\noghte\\server"],"cwd":"C:\\xampp\\htdocs\\noghte","execPath":"C:\\nvm4w\\nodejs\\node.exe","gid":null,"memoryUsage":{"arrayBuffers":18275947,"external":20689774,"heapTotal":41033728,"heapUsed":29629472,"rss":77914112},"pid":3380,"uid":null,"version":"v22.16.0"},"rejection":true,"stack":"ReferenceError: categoryIds is not defined\n    at exports.search (C:\\xampp\\htdocs\\noghte\\controllers\\v1\\search.js:36:18)\n    at process.processTicksAndRejections (node:internal/process/task_queues:105:5)","timestamp":"2025-07-07T17:49:55.726Z","trace":[{"column":18,"file":"C:\\xampp\\htdocs\\noghte\\controllers\\v1\\search.js","function":"exports.search","line":36,"method":"search","native":false},{"column":5,"file":"node:internal/process/task_queues","function":"process.processTicksAndRejections","line":105,"method":"processTicksAndRejections","native":false}]}
{"level":"info","message":"Winston logger configured soccessfully","timestamp":"2025-07-07T17:51:02.793Z"}
{"level":"info","message":"Server running on port 4000","timestamp":"2025-07-07T17:51:02.995Z"}
{"level":"info","message":"Database Connected ...","timestamp":"2025-07-07T17:51:03.101Z"}
{"error":{"isOperational":true,"status":"fail","statusCode":404},"level":"error","message":"مقاله ای مطابق با جستجو شما پیدا نشد","request":{"ip":"::1","method":"GET","url":"/api/v1/search?q=Hello"},"timestamp":"2025-07-07T17:51:12.533Z"}
{"level":"info","message":"Winston logger configured soccessfully","timestamp":"2025-07-07T17:51:45.349Z"}
{"level":"info","message":"Server running on port 4000","timestamp":"2025-07-07T17:51:45.676Z"}
{"level":"info","message":"Database Connected ...","timestamp":"2025-07-07T17:51:45.876Z"}
{"error":{"isOperational":true,"status":"fail","statusCode":404},"level":"error","message":"مقاله ای مطابق با جستجو شما پیدا نشد","request":{"ip":"::1","method":"GET","url":"/api/v1/search?q=Hello"},"timestamp":"2025-07-07T17:51:57.903Z"}
{"level":"info","message":"Winston logger configured soccessfully","timestamp":"2025-07-07T17:53:50.095Z"}
{"level":"info","message":"Server running on port 4000","timestamp":"2025-07-07T17:53:50.246Z"}
{"level":"info","message":"Database Connected ...","timestamp":"2025-07-07T17:53:50.314Z"}
{"error":{"isOperational":true,"status":"fail","statusCode":404},"level":"error","message":"مقاله ای مطابق با جستجو شما پیدا نشد","request":{"ip":"::1","method":"GET","url":"/api/v1/search?q=Hello"},"timestamp":"2025-07-07T17:54:39.065Z"}
{"level":"info","message":"Winston logger configured soccessfully","timestamp":"2025-07-07T18:02:45.072Z"}
{"level":"info","message":"Server running on port 4000","timestamp":"2025-07-07T18:02:45.202Z"}
{"level":"info","message":"Database Connected ...","timestamp":"2025-07-07T18:02:45.263Z"}
{"level":"info","message":"Winston logger configured soccessfully","timestamp":"2025-07-07T18:06:19.142Z"}
{"level":"info","message":"Server running on port 4000","timestamp":"2025-07-07T18:06:19.308Z"}
{"level":"info","message":"Database Connected ...","timestamp":"2025-07-07T18:06:19.374Z"}
{"level":"info","message":"Winston logger configured soccessfully","timestamp":"2025-07-07T18:09:19.562Z"}
{"level":"info","message":"Server running on port 4000","timestamp":"2025-07-07T18:09:19.686Z"}
{"level":"info","message":"Database Connected ...","timestamp":"2025-07-07T18:09:19.749Z"}
{"error":{"isOperational":true,"status":"fail","statusCode":400},"level":"error","message":"لطفا از کلمات کلیدی برای جستجو استفاده کنید","request":{"ip":"::1","method":"GET","url":"/api/v1/search?q="},"timestamp":"2025-07-07T18:11:33.715Z"}
{"error":{"isOperational":true,"status":"fail","statusCode":404},"level":"error","message":"مقاله ای مطابق با جستجو شما پیدا نشد","request":{"ip":"::1","method":"GET","url":"/api/v1/search?q=ssss"},"timestamp":"2025-07-07T18:12:24.402Z"}
{"level":"info","message":"Winston logger configured soccessfully","timestamp":"2025-07-07T18:13:20.150Z"}
{"level":"info","message":"Server running on port 4000","timestamp":"2025-07-07T18:13:20.287Z"}
{"level":"info","message":"Database Connected ...","timestamp":"2025-07-07T18:13:20.346Z"}
{"level":"info","message":"Winston logger configured soccessfully","timestamp":"2025-07-07T18:16:42.731Z"}
{"level":"info","message":"Server running on port 4000","timestamp":"2025-07-07T18:16:42.851Z"}
{"level":"info","message":"Database Connected ...","timestamp":"2025-07-07T18:16:42.908Z"}
{"level":"info","message":"Winston logger configured soccessfully","timestamp":"2025-07-07T18:17:56.487Z"}
{"level":"info","message":"Server running on port 4000","timestamp":"2025-07-07T18:17:56.644Z"}
{"level":"info","message":"Database Connected ...","timestamp":"2025-07-07T18:17:56.718Z"}
{"error":{"isOperational":true,"status":"fail","statusCode":404},"level":"error","message":"مقاله ای مطابق با جستجو شما پیدا نشد","request":{"ip":"::1","method":"GET","url":"/api/v1/search?q=this"},"timestamp":"2025-07-07T18:18:16.333Z"}
{"level":"info","message":"Winston logger configured soccessfully","timestamp":"2025-07-16T05:06:12.513Z"}
{"level":"info","message":"Server running on port 4000","timestamp":"2025-07-16T05:06:12.576Z"}
{"level":"info","message":"Database Connected ...","timestamp":"2025-07-16T05:06:12.624Z"}
{"error":{"isOperational":true,"status":"fail","statusCode":422},"level":"error","message":"خطای اعتبارسنجی [object Object]","request":{"ip":"::ffff:127.0.0.1","method":"POST","url":"/api/v1/podcasts/"},"timestamp":"2025-07-16T05:06:44.262Z"}
{"error":{"isOperational":true,"status":"fail","statusCode":422},"level":"error","message":"خطای اعتبارسنجی [object Object]","request":{"ip":"::ffff:127.0.0.1","method":"POST","url":"/api/v1/podcasts/"},"timestamp":"2025-07-16T05:07:45.598Z"}
{"level":"info","message":"Winston logger configured soccessfully","timestamp":"2025-07-16T05:08:23.056Z"}
{"level":"info","message":"Server running on port 4000","timestamp":"2025-07-16T05:08:23.089Z"}
{"level":"info","message":"Database Connected ...","timestamp":"2025-07-16T05:08:23.102Z"}
{"level":"info","message":"Winston logger configured soccessfully","timestamp":"2025-07-16T05:08:35.528Z"}
{"level":"info","message":"Server running on port 4000","timestamp":"2025-07-16T05:08:35.557Z"}
{"level":"info","message":"Database Connected ...","timestamp":"2025-07-16T05:08:35.571Z"}
{"error":{"isOperational":true,"status":"fail","statusCode":422},"level":"error","message":"خطای اعتبارسنجی undefined","request":{"ip":"::ffff:127.0.0.1","method":"POST","url":"/api/v1/podcasts/"},"timestamp":"2025-07-16T05:08:41.343Z"}
{"level":"info","message":"Winston logger configured soccessfully","timestamp":"2025-07-16T05:08:49.878Z"}
{"level":"info","message":"Server running on port 4000","timestamp":"2025-07-16T05:08:49.903Z"}
{"level":"info","message":"Database Connected ...","timestamp":"2025-07-16T05:08:49.917Z"}
{"level":"info","message":"Winston logger configured soccessfully","timestamp":"2025-07-16T05:08:57.755Z"}
{"level":"info","message":"Server running on port 4000","timestamp":"2025-07-16T05:08:57.782Z"}
{"level":"info","message":"Database Connected ...","timestamp":"2025-07-16T05:08:57.795Z"}
{"level":"info","message":"Winston logger configured soccessfully","timestamp":"2025-07-16T05:09:03.755Z"}
{"level":"info","message":"Server running on port 4000","timestamp":"2025-07-16T05:09:03.795Z"}
{"level":"info","message":"Database Connected ...","timestamp":"2025-07-16T05:09:03.809Z"}
{"error":{"isOperational":true,"status":"fail","statusCode":422},"level":"error","message":"خطای اعتبارسنجی [object Object]","request":{"ip":"::ffff:127.0.0.1","method":"POST","url":"/api/v1/podcasts/"},"timestamp":"2025-07-16T05:09:04.594Z"}
{"level":"info","message":"Winston logger configured soccessfully","timestamp":"2025-07-16T05:09:09.928Z"}
{"level":"info","message":"Server running on port 4000","timestamp":"2025-07-16T05:09:09.959Z"}
{"level":"info","message":"Database Connected ...","timestamp":"2025-07-16T05:09:09.971Z"}
{"level":"info","message":"Winston logger configured soccessfully","timestamp":"2025-07-16T05:09:18.134Z"}
{"level":"info","message":"Server running on port 4000","timestamp":"2025-07-16T05:09:18.164Z"}
{"level":"info","message":"Database Connected ...","timestamp":"2025-07-16T05:09:18.180Z"}
{"error":{"isOperational":true,"status":"fail","statusCode":422},"level":"error","message":"خطای اعتبارسنجی [{\"type\":\"required\",\"message\":\"آدرس پادکست الزامی است\",\"field\":\"podcast\"}]","request":{"ip":"::ffff:127.0.0.1","method":"POST","url":"/api/v1/podcasts/"},"timestamp":"2025-07-16T05:09:18.995Z"}
{"level":"info","message":"Winston logger configured soccessfully","timestamp":"2025-07-16T05:09:40.480Z"}
{"level":"info","message":"Server running on port 4000","timestamp":"2025-07-16T05:09:40.506Z"}
{"level":"info","message":"Database Connected ...","timestamp":"2025-07-16T05:09:40.518Z"}
{"level":"info","message":"Winston logger configured soccessfully","timestamp":"2025-07-16T05:09:45.246Z"}
{"level":"info","message":"Server running on port 4000","timestamp":"2025-07-16T05:09:45.272Z"}
{"level":"info","message":"Database Connected ...","timestamp":"2025-07-16T05:09:45.285Z"}
{"level":"info","message":"Winston logger configured soccessfully","timestamp":"2025-07-16T05:09:48.616Z"}
{"level":"info","message":"Server running on port 4000","timestamp":"2025-07-16T05:09:48.642Z"}
{"level":"info","message":"Database Connected ...","timestamp":"2025-07-16T05:09:48.654Z"}
{"level":"info","message":"Winston logger configured soccessfully","timestamp":"2025-07-16T05:09:50.897Z"}
{"level":"info","message":"Server running on port 4000","timestamp":"2025-07-16T05:09:50.923Z"}
{"level":"info","message":"Database Connected ...","timestamp":"2025-07-16T05:09:50.934Z"}
{"date":"Wed Jul 16 2025 08:39:52 GMT+0330 (Iran Standard Time)","error":{},"level":"error","message":"unhandledRejection: \"[object Object]\" is not valid JSON\nSyntaxError: \"[object Object]\" is not valid JSON\n    at JSON.parse (<anonymous>)\n    at exports.create (C:\\Drive D\\Program\\javascript\\noghte\\controllers\\v1\\podcast.js:15:60)\n    at Layer.handle [as handle_request] (C:\\Drive D\\Program\\javascript\\noghte\\node_modules\\express\\lib\\router\\layer.js:95:5)\n    at next (C:\\Drive D\\Program\\javascript\\noghte\\node_modules\\express\\lib\\router\\route.js:149:13)\n    at module.exports (C:\\Drive D\\Program\\javascript\\noghte\\middlewares\\isAdmin.js:4:16)\n    at Layer.handle [as handle_request] (C:\\Drive D\\Program\\javascript\\noghte\\node_modules\\express\\lib\\router\\layer.js:95:5)\n    at next (C:\\Drive D\\Program\\javascript\\noghte\\node_modules\\express\\lib\\router\\route.js:149:13)\n    at module.exports (C:\\Drive D\\Program\\javascript\\noghte\\middlewares\\auth.js:22:9)\n    at process.processTicksAndRejections (node:internal/process/task_queues:105:5)","os":{"loadavg":[0,0,0],"uptime":239021.64},"process":{"argv":["C:\\nvm4w\\nodejs\\node.exe","C:\\Drive D\\Program\\javascript\\noghte\\server.js"],"cwd":"C:\\Drive D\\Program\\javascript\\noghte","execPath":"C:\\nvm4w\\nodejs\\node.exe","gid":null,"memoryUsage":{"arrayBuffers":18273526,"external":20721088,"heapTotal":43126784,"heapUsed":26467160,"rss":79048704},"pid":3120,"uid":null,"version":"v22.17.0"},"rejection":true,"stack":"SyntaxError: \"[object Object]\" is not valid JSON\n    at JSON.parse (<anonymous>)\n    at exports.create (C:\\Drive D\\Program\\javascript\\noghte\\controllers\\v1\\podcast.js:15:60)\n    at Layer.handle [as handle_request] (C:\\Drive D\\Program\\javascript\\noghte\\node_modules\\express\\lib\\router\\layer.js:95:5)\n    at next (C:\\Drive D\\Program\\javascript\\noghte\\node_modules\\express\\lib\\router\\route.js:149:13)\n    at module.exports (C:\\Drive D\\Program\\javascript\\noghte\\middlewares\\isAdmin.js:4:16)\n    at Layer.handle [as handle_request] (C:\\Drive D\\Program\\javascript\\noghte\\node_modules\\express\\lib\\router\\layer.js:95:5)\n    at next (C:\\Drive D\\Program\\javascript\\noghte\\node_modules\\express\\lib\\router\\route.js:149:13)\n    at module.exports (C:\\Drive D\\Program\\javascript\\noghte\\middlewares\\auth.js:22:9)\n    at process.processTicksAndRejections (node:internal/process/task_queues:105:5)","timestamp":"2025-07-16T05:09:52.758Z","trace":[{"column":null,"file":null,"function":"JSON.parse","line":null,"method":"parse","native":false},{"column":60,"file":"C:\\Drive D\\Program\\javascript\\noghte\\controllers\\v1\\podcast.js","function":"exports.create","line":15,"method":"create","native":false},{"column":5,"file":"C:\\Drive D\\Program\\javascript\\noghte\\node_modules\\express\\lib\\router\\layer.js","function":"Layer.handle [as handle_request]","line":95,"method":"handle [as handle_request]","native":false},{"column":13,"file":"C:\\Drive D\\Program\\javascript\\noghte\\node_modules\\express\\lib\\router\\route.js","function":"next","line":149,"method":null,"native":false},{"column":16,"file":"C:\\Drive D\\Program\\javascript\\noghte\\middlewares\\isAdmin.js","function":"module.exports","line":4,"method":"exports","native":false},{"column":5,"file":"C:\\Drive D\\Program\\javascript\\noghte\\node_modules\\express\\lib\\router\\layer.js","function":"Layer.handle [as handle_request]","line":95,"method":"handle [as handle_request]","native":false},{"column":13,"file":"C:\\Drive D\\Program\\javascript\\noghte\\node_modules\\express\\lib\\router\\route.js","function":"next","line":149,"method":null,"native":false},{"column":9,"file":"C:\\Drive D\\Program\\javascript\\noghte\\middlewares\\auth.js","function":"module.exports","line":22,"method":"exports","native":false},{"column":5,"file":"node:internal/process/task_queues","function":"process.processTicksAndRejections","line":105,"method":"processTicksAndRejections","native":false}]}
{"level":"info","message":"Winston logger configured soccessfully","timestamp":"2025-07-16T05:10:00.308Z"}
{"level":"info","message":"Server running on port 4000","timestamp":"2025-07-16T05:10:00.333Z"}
{"level":"info","message":"Database Connected ...","timestamp":"2025-07-16T05:10:00.369Z"}
{"error":{"isOperational":true,"status":"fail","statusCode":422},"level":"error","message":"خطای اعتبارسنجی [object Object]","request":{"ip":"::ffff:127.0.0.1","method":"POST","url":"/api/v1/podcasts/"},"timestamp":"2025-07-16T05:10:02.408Z"}
{"level":"info","message":"Winston logger configured soccessfully","timestamp":"2025-07-16T05:10:12.457Z"}
{"level":"info","message":"Server running on port 4000","timestamp":"2025-07-16T05:10:12.481Z"}
{"level":"info","message":"Database Connected ...","timestamp":"2025-07-16T05:10:12.496Z"}
{"level":"info","message":"Winston logger configured soccessfully","timestamp":"2025-07-16T05:10:18.650Z"}
{"level":"info","message":"Server running on port 4000","timestamp":"2025-07-16T05:10:18.684Z"}
{"level":"info","message":"Database Connected ...","timestamp":"2025-07-16T05:10:18.699Z"}
{"date":"Wed Jul 16 2025 08:40:19 GMT+0330 (Iran Standard Time)","error":{},"level":"error","message":"unhandledRejection: \"[object Object]\" is not valid JSON\nSyntaxError: \"[object Object]\" is not valid JSON\n    at JSON.parse (<anonymous>)\n    at exports.create (C:\\Drive D\\Program\\javascript\\noghte\\controllers\\v1\\podcast.js:15:60)\n    at Layer.handle [as handle_request] (C:\\Drive D\\Program\\javascript\\noghte\\node_modules\\express\\lib\\router\\layer.js:95:5)\n    at next (C:\\Drive D\\Program\\javascript\\noghte\\node_modules\\express\\lib\\router\\route.js:149:13)\n    at module.exports (C:\\Drive D\\Program\\javascript\\noghte\\middlewares\\isAdmin.js:4:16)\n    at Layer.handle [as handle_request] (C:\\Drive D\\Program\\javascript\\noghte\\node_modules\\express\\lib\\router\\layer.js:95:5)\n    at next (C:\\Drive D\\Program\\javascript\\noghte\\node_modules\\express\\lib\\router\\route.js:149:13)\n    at module.exports (C:\\Drive D\\Program\\javascript\\noghte\\middlewares\\auth.js:22:9)\n    at process.processTicksAndRejections (node:internal/process/task_queues:105:5)","os":{"loadavg":[0,0,0],"uptime":239048.078},"process":{"argv":["C:\\nvm4w\\nodejs\\node.exe","C:\\Drive D\\Program\\javascript\\noghte\\server.js"],"cwd":"C:\\Drive D\\Program\\javascript\\noghte","execPath":"C:\\nvm4w\\nodejs\\node.exe","gid":null,"memoryUsage":{"arrayBuffers":18274934,"external":20719329,"heapTotal":60690432,"heapUsed":25228672,"rss":81166336},"pid":20452,"uid":null,"version":"v22.17.0"},"rejection":true,"stack":"SyntaxError: \"[object Object]\" is not valid JSON\n    at JSON.parse (<anonymous>)\n    at exports.create (C:\\Drive D\\Program\\javascript\\noghte\\controllers\\v1\\podcast.js:15:60)\n    at Layer.handle [as handle_request] (C:\\Drive D\\Program\\javascript\\noghte\\node_modules\\express\\lib\\router\\layer.js:95:5)\n    at next (C:\\Drive D\\Program\\javascript\\noghte\\node_modules\\express\\lib\\router\\route.js:149:13)\n    at module.exports (C:\\Drive D\\Program\\javascript\\noghte\\middlewares\\isAdmin.js:4:16)\n    at Layer.handle [as handle_request] (C:\\Drive D\\Program\\javascript\\noghte\\node_modules\\express\\lib\\router\\layer.js:95:5)\n    at next (C:\\Drive D\\Program\\javascript\\noghte\\node_modules\\express\\lib\\router\\route.js:149:13)\n    at module.exports (C:\\Drive D\\Program\\javascript\\noghte\\middlewares\\auth.js:22:9)\n    at process.processTicksAndRejections (node:internal/process/task_queues:105:5)","timestamp":"2025-07-16T05:10:19.190Z","trace":[{"column":null,"file":null,"function":"JSON.parse","line":null,"method":"parse","native":false},{"column":60,"file":"C:\\Drive D\\Program\\javascript\\noghte\\controllers\\v1\\podcast.js","function":"exports.create","line":15,"method":"create","native":false},{"column":5,"file":"C:\\Drive D\\Program\\javascript\\noghte\\node_modules\\express\\lib\\router\\layer.js","function":"Layer.handle [as handle_request]","line":95,"method":"handle [as handle_request]","native":false},{"column":13,"file":"C:\\Drive D\\Program\\javascript\\noghte\\node_modules\\express\\lib\\router\\route.js","function":"next","line":149,"method":null,"native":false},{"column":16,"file":"C:\\Drive D\\Program\\javascript\\noghte\\middlewares\\isAdmin.js","function":"module.exports","line":4,"method":"exports","native":false},{"column":5,"file":"C:\\Drive D\\Program\\javascript\\noghte\\node_modules\\express\\lib\\router\\layer.js","function":"Layer.handle [as handle_request]","line":95,"method":"handle [as handle_request]","native":false},{"column":13,"file":"C:\\Drive D\\Program\\javascript\\noghte\\node_modules\\express\\lib\\router\\route.js","function":"next","line":149,"method":null,"native":false},{"column":9,"file":"C:\\Drive D\\Program\\javascript\\noghte\\middlewares\\auth.js","function":"module.exports","line":22,"method":"exports","native":false},{"column":5,"file":"node:internal/process/task_queues","function":"process.processTicksAndRejections","line":105,"method":"processTicksAndRejections","native":false}]}
{"level":"info","message":"Winston logger configured soccessfully","timestamp":"2025-07-16T05:10:23.134Z"}
{"level":"info","message":"Server running on port 4000","timestamp":"2025-07-16T05:10:23.164Z"}
{"level":"info","message":"Database Connected ...","timestamp":"2025-07-16T05:10:23.180Z"}
{"level":"info","message":"Winston logger configured soccessfully","timestamp":"2025-07-16T05:10:24.828Z"}
{"level":"info","message":"Server running on port 4000","timestamp":"2025-07-16T05:10:24.858Z"}
{"level":"info","message":"Database Connected ...","timestamp":"2025-07-16T05:10:24.872Z"}
{"error":{"isOperational":true,"status":"fail","statusCode":422},"level":"error","message":"خطای اعتبارسنجی [{\"type\":\"required\",\"message\":\"آدرس پادکست الزامی است\",\"field\":\"podcast\"}]","request":{"ip":"::ffff:127.0.0.1","method":"POST","url":"/api/v1/podcasts/"},"timestamp":"2025-07-16T05:10:25.829Z"}
{"level":"info","message":"Winston logger configured soccessfully","timestamp":"2025-07-16T05:11:49.666Z"}
{"level":"info","message":"Server running on port 4000","timestamp":"2025-07-16T05:11:49.696Z"}
{"level":"info","message":"Database Connected ...","timestamp":"2025-07-16T05:11:49.712Z"}
{"error":{"isOperational":true,"status":"fail","statusCode":422},"level":"error","message":"خطای اعتبارسنجی [{\"type\":\"required\",\"message\":\"آدرس پادکست الزامی است\",\"field\":\"podcast\"}]","request":{"ip":"::ffff:127.0.0.1","method":"POST","url":"/api/v1/podcasts/"},"timestamp":"2025-07-16T05:11:55.739Z"}
{"level":"info","message":"Winston logger configured soccessfully","timestamp":"2025-07-16T05:12:15.715Z"}
{"level":"info","message":"Server running on port 4000","timestamp":"2025-07-16T05:12:15.745Z"}
{"level":"info","message":"Database Connected ...","timestamp":"2025-07-16T05:12:15.758Z"}
{"error":{"isOperational":true,"status":"fail","statusCode":422},"level":"error","message":"خطای اعتبارسنجی [{\"type\":\"required\",\"message\":\"آدرس پادکست الزامی است\",\"field\":\"podcast_sound\"}]","request":{"ip":"::ffff:127.0.0.1","method":"POST","url":"/api/v1/podcasts/"},"timestamp":"2025-07-16T05:12:20.789Z"}
{"error":{"isOperational":true,"status":"fail","statusCode":422},"level":"error","message":"خطای اعتبارسنجی [{\"type\":\"stringMin\",\"message\":\"حداقل طول آدرس باید ۳ کارکتر باشد\",\"field\":\"podcast_sound\",\"expected\":10,\"actual\":1}]","request":{"ip":"::ffff:127.0.0.1","method":"POST","url":"/api/v1/podcasts/"},"timestamp":"2025-07-16T05:12:47.859Z"}
{"level":"info","message":"Winston logger configured soccessfully","timestamp":"2025-07-16T05:13:10.150Z"}
{"level":"info","message":"Server running on port 4000","timestamp":"2025-07-16T05:13:10.177Z"}
{"level":"info","message":"Database Connected ...","timestamp":"2025-07-16T05:13:10.189Z"}
{"level":"info","message":"Winston logger configured soccessfully","timestamp":"2025-07-16T05:13:19.552Z"}
{"level":"info","message":"Server running on port 4000","timestamp":"2025-07-16T05:13:19.579Z"}
{"level":"info","message":"Database Connected ...","timestamp":"2025-07-16T05:13:19.596Z"}
{"level":"info","message":"Winston logger configured soccessfully","timestamp":"2025-07-16T05:13:22.187Z"}
{"level":"info","message":"Server running on port 4000","timestamp":"2025-07-16T05:13:22.217Z"}
{"level":"info","message":"Database Connected ...","timestamp":"2025-07-16T05:13:22.229Z"}
{"date":"Wed Jul 16 2025 08:43:22 GMT+0330 (Iran Standard Time)","error":{"_message":"Podcast validation failed","errors":{"podcast_sound":{"kind":"required","message":"Path `podcast_sound` is required.","name":"ValidatorError","path":"podcast_sound","properties":{"message":"Path `podcast_sound` is required.","path":"podcast_sound","type":"required"}}},"message":"Podcast validation failed: podcast_sound: Path `podcast_sound` is required.","name":"ValidationError"},"level":"error","message":"unhandledRejection: Podcast validation failed: podcast_sound: Path `podcast_sound` is required.\nValidationError: Podcast validation failed: podcast_sound: Path `podcast_sound` is required.\n    at Document.invalidate (C:\\Drive D\\Program\\javascript\\noghte\\node_modules\\mongoose\\lib\\document.js:3329:32)\n    at C:\\Drive D\\Program\\javascript\\noghte\\node_modules\\mongoose\\lib\\document.js:3090:17\n    at C:\\Drive D\\Program\\javascript\\noghte\\node_modules\\mongoose\\lib\\schemaType.js:1407:9\n    at process.processTicksAndRejections (node:internal/process/task_queues:85:11)","os":{"loadavg":[0,0,0],"uptime":239231.812},"process":{"argv":["C:\\nvm4w\\nodejs\\node.exe","C:\\Drive D\\Program\\javascript\\noghte\\server.js"],"cwd":"C:\\Drive D\\Program\\javascript\\noghte","execPath":"C:\\nvm4w\\nodejs\\node.exe","gid":null,"memoryUsage":{"arrayBuffers":18285266,"external":20729661,"heapTotal":60952576,"heapUsed":26605808,"rss":79884288},"pid":12732,"uid":null,"version":"v22.17.0"},"rejection":true,"stack":"ValidationError: Podcast validation failed: podcast_sound: Path `podcast_sound` is required.\n    at Document.invalidate (C:\\Drive D\\Program\\javascript\\noghte\\node_modules\\mongoose\\lib\\document.js:3329:32)\n    at C:\\Drive D\\Program\\javascript\\noghte\\node_modules\\mongoose\\lib\\document.js:3090:17\n    at C:\\Drive D\\Program\\javascript\\noghte\\node_modules\\mongoose\\lib\\schemaType.js:1407:9\n    at process.processTicksAndRejections (node:internal/process/task_queues:85:11)","timestamp":"2025-07-16T05:13:22.929Z","trace":[{"column":32,"file":"C:\\Drive D\\Program\\javascript\\noghte\\node_modules\\mongoose\\lib\\document.js","function":"Document.invalidate","line":3329,"method":"invalidate","native":false},{"column":17,"file":"C:\\Drive D\\Program\\javascript\\noghte\\node_modules\\mongoose\\lib\\document.js","function":null,"line":3090,"method":null,"native":false},{"column":9,"file":"C:\\Drive D\\Program\\javascript\\noghte\\node_modules\\mongoose\\lib\\schemaType.js","function":null,"line":1407,"method":null,"native":false},{"column":11,"file":"node:internal/process/task_queues","function":"process.processTicksAndRejections","line":85,"method":"processTicksAndRejections","native":false}]}
{"level":"info","message":"Winston logger configured soccessfully","timestamp":"2025-07-16T05:14:13.031Z"}
{"level":"info","message":"Server running on port 4000","timestamp":"2025-07-16T05:14:13.056Z"}
{"level":"info","message":"Database Connected ...","timestamp":"2025-07-16T05:14:13.068Z"}
{"error":{"isOperational":true,"status":"fail","statusCode":404},"level":"error","message":"کاربری با این مشخصات پیدا نشد","request":{"ip":"::ffff:127.0.0.1","method":"POST","url":"/api/v1/auth/login"},"timestamp":"2025-07-16T05:43:09.171Z"}
{"date":"Wed Jul 16 2025 09:14:47 GMT+0330 (Iran Standard Time)","error":{"_message":"Podcast validation failed","errors":{"podcast_sound":{"kind":"required","message":"Path `podcast_sound` is required.","name":"ValidatorError","path":"podcast_sound","properties":{"message":"Path `podcast_sound` is required.","path":"podcast_sound","type":"required"}}},"message":"Podcast validation failed: podcast_sound: Path `podcast_sound` is required.","name":"ValidationError"},"level":"error","message":"unhandledRejection: Podcast validation failed: podcast_sound: Path `podcast_sound` is required.\nValidationError: Podcast validation failed: podcast_sound: Path `podcast_sound` is required.\n    at Document.invalidate (C:\\Drive D\\Program\\javascript\\noghte\\node_modules\\mongoose\\lib\\document.js:3329:32)\n    at C:\\Drive D\\Program\\javascript\\noghte\\node_modules\\mongoose\\lib\\document.js:3090:17\n    at C:\\Drive D\\Program\\javascript\\noghte\\node_modules\\mongoose\\lib\\schemaType.js:1407:9\n    at process.processTicksAndRejections (node:internal/process/task_queues:85:11)","os":{"loadavg":[0,0,0],"uptime":241116.187},"process":{"argv":["C:\\nvm4w\\nodejs\\node.exe","C:\\Drive D\\Program\\javascript\\noghte\\server.js"],"cwd":"C:\\Drive D\\Program\\javascript\\noghte","execPath":"C:\\nvm4w\\nodejs\\node.exe","gid":null,"memoryUsage":{"arrayBuffers":18289366,"external":20733761,"heapTotal":30543872,"heapUsed":26590320,"rss":50294784},"pid":20888,"uid":null,"version":"v22.17.0"},"rejection":true,"stack":"ValidationError: Podcast validation failed: podcast_sound: Path `podcast_sound` is required.\n    at Document.invalidate (C:\\Drive D\\Program\\javascript\\noghte\\node_modules\\mongoose\\lib\\document.js:3329:32)\n    at C:\\Drive D\\Program\\javascript\\noghte\\node_modules\\mongoose\\lib\\document.js:3090:17\n    at C:\\Drive D\\Program\\javascript\\noghte\\node_modules\\mongoose\\lib\\schemaType.js:1407:9\n    at process.processTicksAndRejections (node:internal/process/task_queues:85:11)","timestamp":"2025-07-16T05:44:47.303Z","trace":[{"column":32,"file":"C:\\Drive D\\Program\\javascript\\noghte\\node_modules\\mongoose\\lib\\document.js","function":"Document.invalidate","line":3329,"method":"invalidate","native":false},{"column":17,"file":"C:\\Drive D\\Program\\javascript\\noghte\\node_modules\\mongoose\\lib\\document.js","function":null,"line":3090,"method":null,"native":false},{"column":9,"file":"C:\\Drive D\\Program\\javascript\\noghte\\node_modules\\mongoose\\lib\\schemaType.js","function":null,"line":1407,"method":null,"native":false},{"column":11,"file":"node:internal/process/task_queues","function":"process.processTicksAndRejections","line":85,"method":"processTicksAndRejections","native":false}]}
{"level":"info","message":"Winston logger configured soccessfully","timestamp":"2025-07-16T05:45:59.033Z"}
{"level":"info","message":"Server running on port 4000","timestamp":"2025-07-16T05:45:59.067Z"}
{"level":"info","message":"Database Connected ...","timestamp":"2025-07-16T05:45:59.083Z"}
{"date":"Wed Jul 16 2025 09:19:11 GMT+0330 (Iran Standard Time)","error":{"_message":"Podcast validation failed","errors":{"podcast_sound":{"kind":"required","message":"Path `podcast_sound` is required.","name":"ValidatorError","path":"podcast_sound","properties":{"message":"Path `podcast_sound` is required.","path":"podcast_sound","type":"required"}}},"message":"Podcast validation failed: podcast_sound: Path `podcast_sound` is required.","name":"ValidationError"},"level":"error","message":"unhandledRejection: Podcast validation failed: podcast_sound: Path `podcast_sound` is required.\nValidationError: Podcast validation failed: podcast_sound: Path `podcast_sound` is required.\n    at Document.invalidate (C:\\Drive D\\Program\\javascript\\noghte\\node_modules\\mongoose\\lib\\document.js:3329:32)\n    at C:\\Drive D\\Program\\javascript\\noghte\\node_modules\\mongoose\\lib\\document.js:3090:17\n    at C:\\Drive D\\Program\\javascript\\noghte\\node_modules\\mongoose\\lib\\schemaType.js:1407:9\n    at process.processTicksAndRejections (node:internal/process/task_queues:85:11)","os":{"loadavg":[0,0,0],"uptime":241380.281},"process":{"argv":["C:\\nvm4w\\nodejs\\node.exe","C:\\Drive D\\Program\\javascript\\noghte\\server.js"],"cwd":"C:\\Drive D\\Program\\javascript\\noghte","execPath":"C:\\nvm4w\\nodejs\\node.exe","gid":null,"memoryUsage":{"arrayBuffers":18306507,"external":20750902,"heapTotal":28708864,"heapUsed":26271776,"rss":67731456},"pid":20300,"uid":null,"version":"v22.17.0"},"rejection":true,"stack":"ValidationError: Podcast validation failed: podcast_sound: Path `podcast_sound` is required.\n    at Document.invalidate (C:\\Drive D\\Program\\javascript\\noghte\\node_modules\\mongoose\\lib\\document.js:3329:32)\n    at C:\\Drive D\\Program\\javascript\\noghte\\node_modules\\mongoose\\lib\\document.js:3090:17\n    at C:\\Drive D\\Program\\javascript\\noghte\\node_modules\\mongoose\\lib\\schemaType.js:1407:9\n    at process.processTicksAndRejections (node:internal/process/task_queues:85:11)","timestamp":"2025-07-16T05:49:11.398Z","trace":[{"column":32,"file":"C:\\Drive D\\Program\\javascript\\noghte\\node_modules\\mongoose\\lib\\document.js","function":"Document.invalidate","line":3329,"method":"invalidate","native":false},{"column":17,"file":"C:\\Drive D\\Program\\javascript\\noghte\\node_modules\\mongoose\\lib\\document.js","function":null,"line":3090,"method":null,"native":false},{"column":9,"file":"C:\\Drive D\\Program\\javascript\\noghte\\node_modules\\mongoose\\lib\\schemaType.js","function":null,"line":1407,"method":null,"native":false},{"column":11,"file":"node:internal/process/task_queues","function":"process.processTicksAndRejections","line":85,"method":"processTicksAndRejections","native":false}]}
{"level":"info","message":"Winston logger configured soccessfully","timestamp":"2025-07-16T05:49:36.227Z"}
{"level":"info","message":"Server running on port 4000","timestamp":"2025-07-16T05:49:36.254Z"}
{"level":"info","message":"Database Connected ...","timestamp":"2025-07-16T05:49:36.267Z"}
{"level":"info","message":"Winston logger configured soccessfully","timestamp":"2025-07-16T06:04:00.701Z"}
{"level":"info","message":"Server running on port 4000","timestamp":"2025-07-16T06:04:00.746Z"}
{"level":"info","message":"Database Connected ...","timestamp":"2025-07-16T06:04:00.765Z"}
{"level":"info","message":"Winston logger configured soccessfully","timestamp":"2025-07-16T12:17:06.289Z"}
{"level":"info","message":"Server running on port 4000","timestamp":"2025-07-16T12:17:06.362Z"}
{"level":"info","message":"Database Connected ...","timestamp":"2025-07-16T12:17:06.405Z"}
{"level":"info","message":"Winston logger configured soccessfully","timestamp":"2025-07-16T12:18:00.647Z"}
{"level":"info","message":"Server running on port 4000","timestamp":"2025-07-16T12:18:00.673Z"}
{"level":"info","message":"Database Connected ...","timestamp":"2025-07-16T12:18:00.685Z"}
{"level":"info","message":"Winston logger configured soccessfully","timestamp":"2025-07-16T12:18:16.601Z"}
{"level":"info","message":"Server running on port 4000","timestamp":"2025-07-16T12:18:16.629Z"}
{"level":"info","message":"Database Connected ...","timestamp":"2025-07-16T12:18:16.642Z"}
{"level":"info","message":"Winston logger configured soccessfully","timestamp":"2025-07-16T12:18:24.714Z"}
{"level":"info","message":"Server running on port 4000","timestamp":"2025-07-16T12:18:24.742Z"}
{"level":"info","message":"Database Connected ...","timestamp":"2025-07-16T12:18:24.758Z"}
{"level":"info","message":"Winston logger configured soccessfully","timestamp":"2025-07-16T12:18:26.421Z"}
{"level":"info","message":"Server running on port 4000","timestamp":"2025-07-16T12:18:26.448Z"}
{"level":"info","message":"Database Connected ...","timestamp":"2025-07-16T12:18:26.464Z"}
{"level":"info","message":"Winston logger configured soccessfully","timestamp":"2025-07-16T12:18:29.864Z"}
{"level":"info","message":"Server running on port 4000","timestamp":"2025-07-16T12:18:29.913Z"}
{"level":"info","message":"Database Connected ...","timestamp":"2025-07-16T12:18:29.935Z"}
{"error":{"isOperational":true,"status":"fail","statusCode":404},"level":"error","message":"کاربری با این مشخصات پیدا نشد","request":{"ip":"::ffff:127.0.0.1","method":"POST","url":"/api/v1/auth/login"},"timestamp":"2025-07-16T12:19:06.671Z"}
{"date":"Wed Jul 16 2025 15:49:47 GMT+0330 (Iran Standard Time)","error":{"_message":"Podcast validation failed","errors":{"podcast_sound":{"kind":"minlength","message":"Path `podcast_sound` (`/`) is shorter than the minimum allowed length (3).","name":"ValidatorError","path":"podcast_sound","properties":{"message":"Path `podcast_sound` (`/`) is shorter than the minimum allowed length (3).","minlength":3,"path":"podcast_sound","type":"minlength","value":"/"},"value":"/"}},"message":"Podcast validation failed: podcast_sound: Path `podcast_sound` (`/`) is shorter than the minimum allowed length (3).","name":"ValidationError"},"level":"error","message":"unhandledRejection: Podcast validation failed: podcast_sound: Path `podcast_sound` (`/`) is shorter than the minimum allowed length (3).\nValidationError: Podcast validation failed: podcast_sound: Path `podcast_sound` (`/`) is shorter than the minimum allowed length (3).\n    at Document.invalidate (C:\\Drive D\\Program\\javascript\\noghte\\node_modules\\mongoose\\lib\\document.js:3329:32)\n    at C:\\Drive D\\Program\\javascript\\noghte\\node_modules\\mongoose\\lib\\document.js:3090:17\n    at C:\\Drive D\\Program\\javascript\\noghte\\node_modules\\mongoose\\lib\\schemaType.js:1407:9\n    at process.processTicksAndRejections (node:internal/process/task_queues:85:11)","os":{"loadavg":[0,0,0],"uptime":264814.593},"process":{"argv":["C:\\nvm4w\\nodejs\\node.exe","C:\\Drive D\\Program\\javascript\\noghte\\server.js"],"cwd":"C:\\Drive D\\Program\\javascript\\noghte","execPath":"C:\\nvm4w\\nodejs\\node.exe","gid":null,"memoryUsage":{"arrayBuffers":18289366,"external":20733761,"heapTotal":28446720,"heapUsed":25778376,"rss":69357568},"pid":13176,"uid":null,"version":"v22.17.0"},"rejection":true,"stack":"ValidationError: Podcast validation failed: podcast_sound: Path `podcast_sound` (`/`) is shorter than the minimum allowed length (3).\n    at Document.invalidate (C:\\Drive D\\Program\\javascript\\noghte\\node_modules\\mongoose\\lib\\document.js:3329:32)\n    at C:\\Drive D\\Program\\javascript\\noghte\\node_modules\\mongoose\\lib\\document.js:3090:17\n    at C:\\Drive D\\Program\\javascript\\noghte\\node_modules\\mongoose\\lib\\schemaType.js:1407:9\n    at process.processTicksAndRejections (node:internal/process/task_queues:85:11)","timestamp":"2025-07-16T12:19:47.356Z","trace":[{"column":32,"file":"C:\\Drive D\\Program\\javascript\\noghte\\node_modules\\mongoose\\lib\\document.js","function":"Document.invalidate","line":3329,"method":"invalidate","native":false},{"column":17,"file":"C:\\Drive D\\Program\\javascript\\noghte\\node_modules\\mongoose\\lib\\document.js","function":null,"line":3090,"method":null,"native":false},{"column":9,"file":"C:\\Drive D\\Program\\javascript\\noghte\\node_modules\\mongoose\\lib\\schemaType.js","function":null,"line":1407,"method":null,"native":false},{"column":11,"file":"node:internal/process/task_queues","function":"process.processTicksAndRejections","line":85,"method":"processTicksAndRejections","native":false}]}
{"level":"info","message":"Winston logger configured soccessfully","timestamp":"2025-07-16T12:20:48.238Z"}
{"level":"info","message":"Server running on port 4000","timestamp":"2025-07-16T12:20:48.267Z"}
{"level":"info","message":"Database Connected ...","timestamp":"2025-07-16T12:20:48.283Z"}
{"error":{"isOperational":true,"status":"fail","statusCode":404},"level":"error","message":"پادکست مورد نظر پیدا نشد","request":{"ip":"::ffff:127.0.0.1","method":"PUT","url":"/api/v1/podcasts/edit/687799277e6a886bef6a6f01"},"timestamp":"2025-07-16T12:23:30.371Z"}
{"error":{"isOperational":true,"status":"fail","statusCode":404},"level":"error","message":"صفحه مورد وجود ندارد یا حذف شده است","request":{"ip":"::ffff:127.0.0.1","method":"PUT","url":"/api/v1/podcasts/change-status/687799617e6a886bef6a6f09"},"timestamp":"2025-07-16T12:23:55.424Z"}
{"error":{"isOperational":true,"status":"fail","statusCode":404},"level":"error","message":"مقاله مورد نظر پیدا نشد","request":{"ip":"::ffff:127.0.0.1","method":"PUT","url":"/api/v1/articles/edit/687799617e6a886bef6a6f09"},"timestamp":"2025-07-16T12:24:12.539Z"}
{"error":{"isOperational":true,"status":"fail","statusCode":404},"level":"error","message":"صفحه مورد وجود ندارد یا حذف شده است","request":{"ip":"::ffff:127.0.0.1","method":"PUT","url":"/api/v1/podcasts/change-status/687799617e6a886bef6a6f09"},"timestamp":"2025-07-16T12:24:35.256Z"}
{"error":{"isOperational":true,"status":"fail","statusCode":404},"level":"error","message":"صفحه مورد وجود ندارد یا حذف شده است","request":{"ip":"::ffff:127.0.0.1","method":"PUT","url":"/api/v1/podcasts/change-status/687799617e6a886bef6a6f09"},"timestamp":"2025-07-16T12:26:04.810Z"}
{"error":{"isOperational":true,"status":"fail","statusCode":404},"level":"error","message":"صفحه مورد وجود ندارد یا حذف شده است","request":{"ip":"::ffff:127.0.0.1","method":"PUT","url":"/api/v1/podcasts/change-status/687799617e6a886bef6a6f09"},"timestamp":"2025-07-16T12:26:17.214Z"}
{"error":{"isOperational":true,"status":"fail","statusCode":400},"level":"error","message":"وضیعت پادکست وارد شده نامعتبر است ","request":{"ip":"::ffff:127.0.0.1","method":"PATCH","url":"/api/v1/podcasts/change-status/687799617e6a886bef6a6f09"},"timestamp":"2025-07-16T12:26:29.374Z"}
{"level":"info","message":"Winston logger configured soccessfully","timestamp":"2025-07-16T17:24:19.860Z"}
{"level":"info","message":"Server running on port 4000","timestamp":"2025-07-16T17:24:20.108Z"}
{"level":"info","message":"Database Connected ...","timestamp":"2025-07-16T17:24:20.233Z"}
{"level":"info","message":"Winston logger configured soccessfully","timestamp":"2025-07-16T17:30:13.862Z"}
{"level":"info","message":"Server running on port 4000","timestamp":"2025-07-16T17:30:14.042Z"}
{"level":"info","message":"Database Connected ...","timestamp":"2025-07-16T17:30:14.153Z"}
{"error":{"isOperational":true,"status":"fail","statusCode":404},"level":"error","message":"کاربری با این مشخصات پیدا نشد","request":{"ip":"::1","method":"POST","url":"/api/v1/auth/login"},"timestamp":"2025-07-16T17:30:45.055Z"}
{"error":{"isOperational":true,"status":"error","statusCode":201},"level":"error","message":"مقاله به عنوان پیش نویس ذخیره شد","request":{"ip":"::1","method":"POST","url":"/api/v1/articles/"},"timestamp":"2025-07-16T17:32:19.531Z"}
{"level":"info","message":"Winston logger configured soccessfully","timestamp":"2025-07-16T17:36:47.740Z"}
{"level":"info","message":"Server running on port 4000","timestamp":"2025-07-16T17:36:48.163Z"}
{"level":"info","message":"Database Connected ...","timestamp":"2025-07-16T17:36:48.245Z"}
{"level":"info","message":"Winston logger configured soccessfully","timestamp":"2025-07-16T18:05:09.212Z"}
{"level":"info","message":"Server running on port 4000","timestamp":"2025-07-16T18:05:09.303Z"}
{"level":"info","message":"Database Connected ...","timestamp":"2025-07-16T18:05:09.343Z"}
{"error":{"isOperational":true,"status":"fail","statusCode":422},"level":"error","message":"خطای اعتبارسنجی [object Object]","request":{"ip":"::1","method":"POST","url":"/api/v1/articles/"},"timestamp":"2025-07-16T18:06:34.426Z"}
{"level":"info","message":"Winston logger configured soccessfully","timestamp":"2025-07-16T18:08:33.291Z"}
{"level":"info","message":"Server running on port 4000","timestamp":"2025-07-16T18:08:33.373Z"}
{"level":"info","message":"Database Connected ...","timestamp":"2025-07-16T18:08:33.410Z"}
{"error":{"isOperational":true,"status":"fail","statusCode":422},"level":"error","message":"خطای اعتبارسنجی: [object Object]","request":{"ip":"::1","method":"POST","url":"/api/v1/articles/"},"timestamp":"2025-07-16T18:08:38.597Z"}
{"level":"info","message":"Winston logger configured soccessfully","timestamp":"2025-07-16T18:09:46.283Z"}
{"level":"info","message":"Server running on port 4000","timestamp":"2025-07-16T18:09:46.396Z"}
{"level":"info","message":"Database Connected ...","timestamp":"2025-07-16T18:09:46.447Z"}
{"date":"Wed Jul 16 2025 21:39:55 GMT+0330 (Iran Standard Time)","error":{},"level":"error","message":"unhandledRejection: validator.validate is not a function\nTypeError: validator.validate is not a function\n    at exports.create (C:\\xampp\\htdocs\\noghte\\controllers\\v1\\article.js:67:44)\n    at Layer.handle [as handle_request] (C:\\xampp\\htdocs\\noghte\\node_modules\\express\\lib\\router\\layer.js:95:5)\n    at next (C:\\xampp\\htdocs\\noghte\\node_modules\\express\\lib\\router\\route.js:149:13)\n    at module.exports (C:\\xampp\\htdocs\\noghte\\middlewares\\auth.js:22:9)\n    at process.processTicksAndRejections (node:internal/process/task_queues:105:5)","os":{"loadavg":[0,0,0],"uptime":353546.359},"process":{"argv":["C:\\nvm4w\\nodejs\\node.exe","C:\\xampp\\htdocs\\noghte\\server"],"cwd":"C:\\xampp\\htdocs\\noghte","execPath":"C:\\nvm4w\\nodejs\\node.exe","gid":null,"memoryUsage":{"arrayBuffers":18273360,"external":20687187,"heapTotal":42606592,"heapUsed":26532376,"rss":80146432},"pid":3508,"uid":null,"version":"v22.16.0"},"rejection":true,"stack":"TypeError: validator.validate is not a function\n    at exports.create (C:\\xampp\\htdocs\\noghte\\controllers\\v1\\article.js:67:44)\n    at Layer.handle [as handle_request] (C:\\xampp\\htdocs\\noghte\\node_modules\\express\\lib\\router\\layer.js:95:5)\n    at next (C:\\xampp\\htdocs\\noghte\\node_modules\\express\\lib\\router\\route.js:149:13)\n    at module.exports (C:\\xampp\\htdocs\\noghte\\middlewares\\auth.js:22:9)\n    at process.processTicksAndRejections (node:internal/process/task_queues:105:5)","timestamp":"2025-07-16T18:09:55.927Z","trace":[{"column":44,"file":"C:\\xampp\\htdocs\\noghte\\controllers\\v1\\article.js","function":"exports.create","line":67,"method":"create","native":false},{"column":5,"file":"C:\\xampp\\htdocs\\noghte\\node_modules\\express\\lib\\router\\layer.js","function":"Layer.handle [as handle_request]","line":95,"method":"handle [as handle_request]","native":false},{"column":13,"file":"C:\\xampp\\htdocs\\noghte\\node_modules\\express\\lib\\router\\route.js","function":"next","line":149,"method":null,"native":false},{"column":9,"file":"C:\\xampp\\htdocs\\noghte\\middlewares\\auth.js","function":"module.exports","line":22,"method":"exports","native":false},{"column":5,"file":"node:internal/process/task_queues","function":"process.processTicksAndRejections","line":105,"method":"processTicksAndRejections","native":false}]}
{"level":"info","message":"Winston logger configured soccessfully","timestamp":"2025-07-16T18:10:57.036Z"}
{"level":"info","message":"Server running on port 4000","timestamp":"2025-07-16T18:10:57.120Z"}
{"level":"info","message":"Database Connected ...","timestamp":"2025-07-16T18:10:57.163Z"}
{"error":{"isOperational":true,"status":"fail","statusCode":422},"level":"error","message":"خطای اعتبارسنجی: تمامی فیلد ها الزامی هستند","request":{"ip":"::1","method":"POST","url":"/api/v1/articles/"},"timestamp":"2025-07-16T18:11:02.763Z"}
{"error":{"body":"{\r\n    \"title\": \"Corporate\",\r\n    \"content\": \"content test 687\",\r\n    \"image_url\": \"http://placeimg.com/640/480\",\r\n    \n    \"mode\": \"submit\"\r\n    \"category\" : \"67f0f53dc585322fe4e1664d\",\r\n    \"tags\": [\r\n        \"js\",\r\n        \n        \n        \"reactjs\",\r\n        \"typescript\"\r\n    ]\r\n}","expose":true,"status":400,"statusCode":400,"type":"entity.parse.failed"},"level":"error","message":"Expected ',' or '}' after property value in JSON at position 146 (line 7 column 5)","request":{"ip":"::1","method":"POST","url":"/api/v1/articles/"},"timestamp":"2025-07-16T18:11:20.622Z"}
{"level":"info","message":"Winston logger configured soccessfully","timestamp":"2025-07-16T18:11:57.155Z"}
{"level":"info","message":"Server running on port 4000","timestamp":"2025-07-16T18:11:57.245Z"}
{"level":"info","message":"Database Connected ...","timestamp":"2025-07-16T18:11:57.289Z"}
{"level":"info","message":"Winston logger configured soccessfully","timestamp":"2025-07-17T16:22:51.436Z"}
{"level":"info","message":"Server running on port 4000","timestamp":"2025-07-17T16:22:51.623Z"}
{"level":"info","message":"Database Connected ...","timestamp":"2025-07-17T16:22:51.691Z"}
{"error":{"isOperational":true,"status":"fail","statusCode":404},"level":"error","message":"کاربری با این مشخصات پیدا نشد","request":{"ip":"::1","method":"POST","url":"/api/v1/auth/login"},"timestamp":"2025-07-17T16:25:06.799Z"}
{"error":{"isOperational":true,"status":"fail","statusCode":404},"level":"error","message":"کاربری با این مشخصات پیدا نشد","request":{"ip":"::1","method":"POST","url":"/api/v1/auth/login"},"timestamp":"2025-07-17T16:25:21.911Z"}
{"date":"Thu Jul 17 2025 19:57:01 GMT+0330 (Iran Standard Time)","error":{"code":11000,"errorLabelSet":{},"errorResponse":{"code":11000,"errmsg":"E11000 duplicate key error collection: noghte.articles index: slug_1 dup key: { slug: \"forward\" }","index":0,"keyPattern":{"slug":1},"keyValue":{"slug":"forward"}},"index":0,"keyPattern":{"slug":1},"keyValue":{"slug":"forward"}},"level":"error","message":"unhandledRejection: E11000 duplicate key error collection: noghte.articles index: slug_1 dup key: { slug: \"forward\" }\nMongoServerError: E11000 duplicate key error collection: noghte.articles index: slug_1 dup key: { slug: \"forward\" }\n    at InsertOneOperation.execute (C:\\xampp\\htdocs\\noghte\\node_modules\\mongodb\\lib\\operations\\insert.js:51:19)\n    at process.processTicksAndRejections (node:internal/process/task_queues:105:5)\n    at async tryOperation (C:\\xampp\\htdocs\\noghte\\node_modules\\mongodb\\lib\\operations\\execute_operation.js:207:20)\n    at async executeOperation (C:\\xampp\\htdocs\\noghte\\node_modules\\mongodb\\lib\\operations\\execute_operation.js:75:16)\n    at async Collection.insertOne (C:\\xampp\\htdocs\\noghte\\node_modules\\mongodb\\lib\\collection.js:157:16)","os":{"loadavg":[0,0,0],"uptime":433771.921},"process":{"argv":["C:\\nvm4w\\nodejs\\node.exe","C:\\xampp\\htdocs\\noghte\\server"],"cwd":"C:\\xampp\\htdocs\\noghte","execPath":"C:\\nvm4w\\nodejs\\node.exe","gid":null,"memoryUsage":{"arrayBuffers":18297450,"external":20711277,"heapTotal":28184576,"heapUsed":25494000,"rss":66351104},"pid":4004,"uid":null,"version":"v22.16.0"},"rejection":true,"stack":"MongoServerError: E11000 duplicate key error collection: noghte.articles index: slug_1 dup key: { slug: \"forward\" }\n    at InsertOneOperation.execute (C:\\xampp\\htdocs\\noghte\\node_modules\\mongodb\\lib\\operations\\insert.js:51:19)\n    at process.processTicksAndRejections (node:internal/process/task_queues:105:5)\n    at async tryOperation (C:\\xampp\\htdocs\\noghte\\node_modules\\mongodb\\lib\\operations\\execute_operation.js:207:20)\n    at async executeOperation (C:\\xampp\\htdocs\\noghte\\node_modules\\mongodb\\lib\\operations\\execute_operation.js:75:16)\n    at async Collection.insertOne (C:\\xampp\\htdocs\\noghte\\node_modules\\mongodb\\lib\\collection.js:157:16)","timestamp":"2025-07-17T16:27:01.496Z","trace":[{"column":19,"file":"C:\\xampp\\htdocs\\noghte\\node_modules\\mongodb\\lib\\operations\\insert.js","function":"InsertOneOperation.execute","line":51,"method":"execute","native":false},{"column":5,"file":"node:internal/process/task_queues","function":"process.processTicksAndRejections","line":105,"method":"processTicksAndRejections","native":false},{"column":20,"file":"C:\\xampp\\htdocs\\noghte\\node_modules\\mongodb\\lib\\operations\\execute_operation.js","function":"async tryOperation","line":207,"method":null,"native":false},{"column":16,"file":"C:\\xampp\\htdocs\\noghte\\node_modules\\mongodb\\lib\\operations\\execute_operation.js","function":"async executeOperation","line":75,"method":null,"native":false},{"column":16,"file":"C:\\xampp\\htdocs\\noghte\\node_modules\\mongodb\\lib\\collection.js","function":"async Collection.insertOne","line":157,"method":"insertOne","native":false}]}
{"level":"info","message":"Winston logger configured soccessfully","timestamp":"2025-07-17T16:27:45.476Z"}
{"level":"info","message":"Server running on port 4000","timestamp":"2025-07-17T16:27:45.615Z"}
{"level":"info","message":"Database Connected ...","timestamp":"2025-07-17T16:27:45.693Z"}
{"error":{"isOperational":true,"status":"fail","statusCode":400},"level":"error","message":"حالت ارسال مقاله نا معتبر است","request":{"ip":"::1","method":"PUT","url":"/api/v1/articles/edit/6879249971a2c330c2e3e4cb"},"timestamp":"2025-07-17T16:30:07.818Z"}
{"level":"info","message":"Winston logger configured soccessfully","timestamp":"2025-07-17T16:31:03.709Z"}
{"level":"info","message":"Server running on port 4000","timestamp":"2025-07-17T16:31:03.930Z"}
{"level":"info","message":"Database Connected ...","timestamp":"2025-07-17T16:31:04.044Z"}
{"date":"Thu Jul 17 2025 20:01:15 GMT+0330 (Iran Standard Time)","error":{},"level":"error","message":"unhandledRejection: Assignment to constant variable.\nTypeError: Assignment to constant variable.\n    at exports.edit (C:\\xampp\\htdocs\\noghte\\controllers\\v1\\article.js:192:14)\n    at process.processTicksAndRejections (node:internal/process/task_queues:105:5)","os":{"loadavg":[0,0,0],"uptime":434025.718},"process":{"argv":["C:\\nvm4w\\nodejs\\node.exe","C:\\xampp\\htdocs\\noghte\\server"],"cwd":"C:\\xampp\\htdocs\\noghte","execPath":"C:\\nvm4w\\nodejs\\node.exe","gid":null,"memoryUsage":{"arrayBuffers":18282023,"external":20695850,"heapTotal":43655168,"heapUsed":26712584,"rss":79839232},"pid":5544,"uid":null,"version":"v22.16.0"},"rejection":true,"stack":"TypeError: Assignment to constant variable.\n    at exports.edit (C:\\xampp\\htdocs\\noghte\\controllers\\v1\\article.js:192:14)\n    at process.processTicksAndRejections (node:internal/process/task_queues:105:5)","timestamp":"2025-07-17T16:31:15.300Z","trace":[{"column":14,"file":"C:\\xampp\\htdocs\\noghte\\controllers\\v1\\article.js","function":"exports.edit","line":192,"method":"edit","native":false},{"column":5,"file":"node:internal/process/task_queues","function":"process.processTicksAndRejections","line":105,"method":"processTicksAndRejections","native":false}]}
{"level":"info","message":"Winston logger configured soccessfully","timestamp":"2025-07-17T16:33:20.438Z"}
{"level":"info","message":"Server running on port 4000","timestamp":"2025-07-17T16:33:20.590Z"}
{"level":"info","message":"Database Connected ...","timestamp":"2025-07-17T16:33:20.652Z"}
{"error":{"isOperational":true,"status":"fail","statusCode":400},"level":"error","message":"مقدار عنوان و محتوای مقاله الزامی است","request":{"ip":"::1","method":"PUT","url":"/api/v1/articles/edit/6879249971a2c330c2e3e4cb"},"timestamp":"2025-07-17T16:33:43.389Z"}
{"level":"info","message":"Winston logger configured soccessfully","timestamp":"2025-07-17T16:34:34.093Z"}
{"level":"info","message":"Server running on port 4000","timestamp":"2025-07-17T16:34:34.312Z"}
{"level":"info","message":"Database Connected ...","timestamp":"2025-07-17T16:34:34.399Z"}
{"date":"Thu Jul 17 2025 20:04:43 GMT+0330 (Iran Standard Time)","error":{"_message":"Article validation failed","errors":{"content":{"kind":"required","message":"Path `content` is required.","name":"ValidatorError","path":"content","properties":{"message":"Path `content` is required.","path":"content","type":"required"}}},"message":"Article validation failed: content: Path `content` is required.","name":"ValidationError"},"level":"error","message":"unhandledRejection: Article validation failed: content: Path `content` is required.\nValidationError: Article validation failed: content: Path `content` is required.\n    at Document.invalidate (C:\\xampp\\htdocs\\noghte\\node_modules\\mongoose\\lib\\document.js:3329:32)\n    at C:\\xampp\\htdocs\\noghte\\node_modules\\mongoose\\lib\\document.js:3090:17\n    at C:\\xampp\\htdocs\\noghte\\node_modules\\mongoose\\lib\\schemaType.js:1407:9\n    at process.processTicksAndRejections (node:internal/process/task_queues:85:11)","os":{"loadavg":[0,0,0],"uptime":434233.687},"process":{"argv":["C:\\nvm4w\\nodejs\\node.exe","C:\\xampp\\htdocs\\noghte\\server"],"cwd":"C:\\xampp\\htdocs\\noghte","execPath":"C:\\nvm4w\\nodejs\\node.exe","gid":null,"memoryUsage":{"arrayBuffers":18281883,"external":20695710,"heapTotal":60690432,"heapUsed":25015648,"rss":80355328},"pid":9408,"uid":null,"version":"v22.16.0"},"rejection":true,"stack":"ValidationError: Article validation failed: content: Path `content` is required.\n    at Document.invalidate (C:\\xampp\\htdocs\\noghte\\node_modules\\mongoose\\lib\\document.js:3329:32)\n    at C:\\xampp\\htdocs\\noghte\\node_modules\\mongoose\\lib\\document.js:3090:17\n    at C:\\xampp\\htdocs\\noghte\\node_modules\\mongoose\\lib\\schemaType.js:1407:9\n    at process.processTicksAndRejections (node:internal/process/task_queues:85:11)","timestamp":"2025-07-17T16:34:43.272Z","trace":[{"column":32,"file":"C:\\xampp\\htdocs\\noghte\\node_modules\\mongoose\\lib\\document.js","function":"Document.invalidate","line":3329,"method":"invalidate","native":false},{"column":17,"file":"C:\\xampp\\htdocs\\noghte\\node_modules\\mongoose\\lib\\document.js","function":null,"line":3090,"method":null,"native":false},{"column":9,"file":"C:\\xampp\\htdocs\\noghte\\node_modules\\mongoose\\lib\\schemaType.js","function":null,"line":1407,"method":null,"native":false},{"column":11,"file":"node:internal/process/task_queues","function":"process.processTicksAndRejections","line":85,"method":"processTicksAndRejections","native":false}]}
{"level":"info","message":"Winston logger configured soccessfully","timestamp":"2025-07-17T16:38:03.326Z"}
{"level":"info","message":"Server running on port 4000","timestamp":"2025-07-17T16:38:03.487Z"}
{"level":"info","message":"Database Connected ...","timestamp":"2025-07-17T16:38:03.550Z"}
